<?xml version="1.0" encoding="UTF-8"?>
<testng-results ignored="0" total="2" passed="2" failed="0" skipped="0">
  <reporter-output>
  </reporter-output>
  <suite started-at="2024-05-30T17:13:16 CDT" name="Default suite" finished-at="2024-05-30T17:13:33 CDT" duration-ms="17198">
    <groups>
    </groups>
    <test started-at="2024-05-30T17:13:16 CDT" name="Default test" finished-at="2024-05-30T17:13:33 CDT" duration-ms="17198">
      <class name="test.LoginTest">
        <test-method signature="ValidUserShouldBeAbleToLogin()[pri:0, instance:test.LoginTest@13e3c1c7]" started-at="2024-05-30T17:13:16 CDT" name="ValidUserShouldBeAbleToLogin" finished-at="2024-05-30T17:13:30 CDT" duration-ms="14098" status="PASS">
          <reporter-output>
          </reporter-output>
        </test-method> <!-- ValidUserShouldBeAbleToLogin -->
        <test-method signature="validateAlertPopUpMsgs()[pri:2, instance:test.LoginTest@13e3c1c7]" started-at="2024-05-30T17:13:30 CDT" name="validateAlertPopUpMsgs" finished-at="2024-05-30T17:13:33 CDT" duration-ms="3029" status="PASS">
          <reporter-output>
          </reporter-output>
        </test-method> <!-- validateAlertPopUpMsgs -->
      </class> <!-- test.LoginTest -->
    </test> <!-- Default test -->
  </suite> <!-- Default suite -->
</testng-results>
